<?xml version="1.0" encoding="UTF-8"?>
<!-- Generated by org.testng.reporters.JUnitReportReporter -->
<testsuite hostname="Swapnas-Air.fios-router.home" failures="0" tests="1" name="restAssuredTests.GetRequestTest" time="4.159" errors="0" timestamp="14 Sep 2019 23:19:35 GMT" skipped="0">
  <testcase classname="restAssuredTests.GetRequestTest" name="getWeatherDetails" time="4.159"/>
</testsuite> <!-- restAssuredTests.GetRequestTest -->
