<?xml version="1.0" encoding="UTF-8"?>
<!-- Generated by org.testng.reporters.JUnitReportReporter -->
<testsuite hostname="Swapnas-Air.fios-router.home" failures="0" tests="1" name="restAssuredTests.PostRequestTest" time="4.456" errors="0" timestamp="15 Sep 2019 04:18:15 GMT" skipped="0">
  <testcase classname="restAssuredTests.PostRequestTest" name="testPost" time="4.456"/>
</testsuite> <!-- restAssuredTests.PostRequestTest -->
